{"F:\\Mern_Todo\\client\\src\\components\\TodoItem.jsx": {"path":"F:\\Mern_Todo\\client\\src\\components\\TodoItem.jsx","statementMap":{"0":{"start":{"line":12,"column":17},"end":{"line":63,"column":1}},"1":{"start":{"line":20,"column":2},"end":{"line":62,"column":4}},"2":{"start":{"line":29,"column":31},"end":{"line":29,"column":58}},"3":{"start":{"line":35,"column":37},"end":{"line":35,"column":63}},"4":{"start":{"line":42,"column":29},"end":{"line":42,"column":50}}},"fnMap":{"0":{"name":"(anonymous_0)","decl":{"start":{"line":12,"column":17},"end":{"line":12,"column":18}},"loc":{"start":{"line":19,"column":6},"end":{"line":63,"column":1}},"line":19},"1":{"name":"(anonymous_1)","decl":{"start":{"line":29,"column":25},"end":{"line":29,"column":26}},"loc":{"start":{"line":29,"column":31},"end":{"line":29,"column":58}},"line":29},"2":{"name":"(anonymous_2)","decl":{"start":{"line":35,"column":31},"end":{"line":35,"column":32}},"loc":{"start":{"line":35,"column":37},"end":{"line":35,"column":63}},"line":35},"3":{"name":"(anonymous_3)","decl":{"start":{"line":42,"column":23},"end":{"line":42,"column":24}},"loc":{"start":{"line":42,"column":29},"end":{"line":42,"column":50}},"line":42}},"branchMap":{"0":{"loc":{"start":{"line":25,"column":13},"end":{"line":33,"column":13}},"type":"cond-expr","locations":[{"start":{"line":26,"column":14},"end":{"line":26,"column":72}},{"start":{"line":28,"column":14},"end":{"line":32,"column":16}}],"line":25},"1":{"loc":{"start":{"line":46,"column":9},"end":{"line":58,"column":9}},"type":"binary-expr","locations":[{"start":{"line":46,"column":9},"end":{"line":46,"column":15}},{"start":{"line":46,"column":19},"end":{"line":46,"column":42}},{"start":{"line":47,"column":10},"end":{"line":57,"column":22}}],"line":46}},"s":{"0":1,"1":1,"2":0,"3":0,"4":0},"f":{"0":1,"1":0,"2":0,"3":0},"b":{"0":[0,1],"1":[1,0,0]},"_coverageSchema":"1a1c01bbd47fc00a2c39e90264f33305004495a9","hash":"45d93a05cdaa9833f160cc288318ccd511000681"}
}
